Begin : 288 | End : 184
Replacing b'\xfd{\xae\xa9' with b'\xfd{\xac\xa9' at 81900
Replacing b'\xa6\x8f\x00\xf9' (str x6, [x29, #280]) to b'\xa6\x9f\x00\xf9' (str x6, [x29, #312]) at address 280
FAIL1 (Not in address range) : Replacing b'\xb3#\x01\x91' (add x19, x29, #0x48) to b'\xb3c\x01\x91' (add x19, x29, #0x58) at address 72
Replacing b'\xb4\xc3\x02\x91' (add x20, x29, #0xb0) to b'\xb4\x03\x03\x91' (add x20, x29, #0xc0) at address 176
Replacing b'\xa2\x8f@\xf9' (ldr x2, [x29, #280]) to b'\xa2\x9f@\xf9' (ldr x2, [x29, #312]) at address 280
Replacing b'\xfd{\xd2\xa8' (ldp x29, x30, [sp], #288) to b'\xfd{\xd4\xa8' (ldp x29, x30, [sp], #320) at address 288
Begin : 288 | End : 184
Replacing b'\xfd{\xae\xa9' with b'\xfd{\xac\xa9' at 82168
Replacing b'\xa5\x8f\x00\xf9' (str x5, [x29, #280]) to b'\xa5\x9f\x00\xf9' (str x5, [x29, #312]) at address 280
FAIL1 (Not in address range) : Replacing b'\xb3#\x01\x91' (add x19, x29, #0x48) to b'\xb3c\x01\x91' (add x19, x29, #0x58) at address 72
Replacing b'\xb4\xc3\x02\x91' (add x20, x29, #0xb0) to b'\xb4\x03\x03\x91' (add x20, x29, #0xc0) at address 176
Replacing b'\xa2\x8f@\xf9' (ldr x2, [x29, #280]) to b'\xa2\x9f@\xf9' (ldr x2, [x29, #312]) at address 280
Replacing b'\xfd{\xd2\xa8' (ldp x29, x30, [sp], #288) to b'\xfd{\xd4\xa8' (ldp x29, x30, [sp], #320) at address 288
Begin : 288 | End : 184
Replacing b'\xfd{\xae\xa9' with b'\xfd{\xac\xa9' at 82412
Replacing b'\xa5\x8f\x00\xf9' (str x5, [x29, #280]) to b'\xa5\x9f\x00\xf9' (str x5, [x29, #312]) at address 280
FAIL1 (Not in address range) : Replacing b'\xb3#\x01\x91' (add x19, x29, #0x48) to b'\xb3c\x01\x91' (add x19, x29, #0x58) at address 72
Replacing b'\xb4\xc3\x02\x91' (add x20, x29, #0xb0) to b'\xb4\x03\x03\x91' (add x20, x29, #0xc0) at address 176
Replacing b'\xa2\x8f@\xf9' (ldr x2, [x29, #280]) to b'\xa2\x9f@\xf9' (ldr x2, [x29, #312]) at address 280
Replacing b'\xfd{\xd2\xa8' (ldp x29, x30, [sp], #288) to b'\xfd{\xd4\xa8' (ldp x29, x30, [sp], #320) at address 288
Begin : 272 | End : 168
Replacing b'\xfd{\xaf\xa9' with b'\xfd{\xad\xa9' at 82664
FAIL1 (Not in address range) : Replacing b'\xb3\xe3\x00\x91' (add x19, x29, #0x38) to b'\xb3#\x01\x91' (add x19, x29, #0x48) at address 56
Replacing b'\xa4\x87\x00\xf9' (str x4, [x29, #264]) to b'\xa4\x97\x00\xf9' (str x4, [x29, #296]) at address 264
Replacing b'\xb4\x83\x02\x91' (add x20, x29, #0xa0) to b'\xb4\xc3\x02\x91' (add x20, x29, #0xb0) at address 160
Replacing b'\xa2\x87@\xf9' (ldr x2, [x29, #264]) to b'\xa2\x97@\xf9' (ldr x2, [x29, #296]) at address 264
Replacing b'\xfd{\xd1\xa8' (ldp x29, x30, [sp], #272) to b'\xfd{\xd3\xa8' (ldp x29, x30, [sp], #304) at address 272
Begin : 304 | End : 200
Replacing b'\xfd{\xad\xa9' with b'\xfd{\xab\xa9' at 82880
Replacing b'\xa4\x97\x00\xf9' (str x4, [x29, #296]) to b'\xa4\xa7\x00\xf9' (str x4, [x29, #328]) at address 296
FAIL1 (Not in address range) : Replacing b'\xb3c\x01\x91' (add x19, x29, #0x58) to b'\xb3\xa3\x01\x91' (add x19, x29, #0x68) at address 88
Replacing b'\xb4\x03\x03\x91' (add x20, x29, #0xc0) to b'\xb4C\x03\x91' (add x20, x29, #0xd0) at address 192
Replacing b'\xa2\x97@\xf9' (ldr x2, [x29, #296]) to b'\xa2\xa7@\xf9' (ldr x2, [x29, #328]) at address 296
Replacing b'\xfd{\xd3\xa8' (ldp x29, x30, [sp], #304) to b'\xfd{\xd5\xa8' (ldp x29, x30, [sp], #336) at address 304
Begin : 272 | End : 168
Replacing b'\xfd{\xaf\xa9' with b'\xfd{\xad\xa9' at 83160
FAIL1 (Not in address range) : Replacing b'\xb4\xe3\x00\x91' (add x20, x29, #0x38) to b'\xb4#\x01\x91' (add x20, x29, #0x48) at address 56
Replacing b'\xa4\x87\x00\xf9' (str x4, [x29, #264]) to b'\xa4\x97\x00\xf9' (str x4, [x29, #296]) at address 264
Replacing b'\xb3\x83\x02\x91' (add x19, x29, #0xa0) to b'\xb3\xc3\x02\x91' (add x19, x29, #0xb0) at address 160
Replacing b'\xa2\x87@\xf9' (ldr x2, [x29, #264]) to b'\xa2\x97@\xf9' (ldr x2, [x29, #296]) at address 264
Replacing b'\xfd{\xd1\xa8' (ldp x29, x30, [sp], #272) to b'\xfd{\xd3\xa8' (ldp x29, x30, [sp], #304) at address 272
Begin : 272 | End : 168
Replacing b'\xfd{\xaf\xa9' with b'\xfd{\xad\xa9' at 83384
FAIL1 (Not in address range) : Replacing b'\xb4\xe3\x00\x91' (add x20, x29, #0x38) to b'\xb4#\x01\x91' (add x20, x29, #0x48) at address 56
Replacing b'\xa4\x87\x00\xf9' (str x4, [x29, #264]) to b'\xa4\x97\x00\xf9' (str x4, [x29, #296]) at address 264
Replacing b'\xb3\x83\x02\x91' (add x19, x29, #0xa0) to b'\xb3\xc3\x02\x91' (add x19, x29, #0xb0) at address 160
Replacing b'\xa2\x87@\xf9' (ldr x2, [x29, #264]) to b'\xa2\x97@\xf9' (ldr x2, [x29, #296]) at address 264
Replacing b'\xfd{\xd1\xa8' (ldp x29, x30, [sp], #272) to b'\xfd{\xd3\xa8' (ldp x29, x30, [sp], #304) at address 272
Begin : 272 | End : 168
Replacing b'\xfd{\xaf\xa9' with b'\xfd{\xad\xa9' at 83608
FAIL1 (Not in address range) : Replacing b'\xb4\xe3\x00\x91' (add x20, x29, #0x38) to b'\xb4#\x01\x91' (add x20, x29, #0x48) at address 56
Replacing b'\xa4\x87\x00\xf9' (str x4, [x29, #264]) to b'\xa4\x97\x00\xf9' (str x4, [x29, #296]) at address 264
Replacing b'\xb3\x83\x02\x91' (add x19, x29, #0xa0) to b'\xb3\xc3\x02\x91' (add x19, x29, #0xb0) at address 160
Replacing b'\xa2\x87@\xf9' (ldr x2, [x29, #264]) to b'\xa2\x97@\xf9' (ldr x2, [x29, #296]) at address 264
Replacing b'\xfd{\xd1\xa8' (ldp x29, x30, [sp], #272) to b'\xfd{\xd3\xa8' (ldp x29, x30, [sp], #304) at address 272
Begin : 304 | End : 200
Replacing b'\xfd{\xad\xa9' with b'\xfd{\xab\xa9' at 83832
Replacing b'\xa4\x97\x00\xf9' (str x4, [x29, #296]) to b'\xa4\xa7\x00\xf9' (str x4, [x29, #328]) at address 296
FAIL1 (Not in address range) : Replacing b'\xb3c\x01\x91' (add x19, x29, #0x58) to b'\xb3\xa3\x01\x91' (add x19, x29, #0x68) at address 88
Replacing b'\xb4\x03\x03\x91' (add x20, x29, #0xc0) to b'\xb4C\x03\x91' (add x20, x29, #0xd0) at address 192
Replacing b'\xa2\x97@\xf9' (ldr x2, [x29, #296]) to b'\xa2\xa7@\xf9' (ldr x2, [x29, #328]) at address 296
Replacing b'\xfd{\xd3\xa8' (ldp x29, x30, [sp], #304) to b'\xfd{\xd5\xa8' (ldp x29, x30, [sp], #336) at address 304
Begin : 272 | End : 168
Replacing b'\xfd{\xaf\xa9' with b'\xfd{\xad\xa9' at 84124
FAIL1 (Not in address range) : Replacing b'\xb4\xe3\x00\x91' (add x20, x29, #0x38) to b'\xb4#\x01\x91' (add x20, x29, #0x48) at address 56
Replacing b'\xa4\x87\x00\xf9' (str x4, [x29, #264]) to b'\xa4\x97\x00\xf9' (str x4, [x29, #296]) at address 264
Replacing b'\xb3\x83\x02\x91' (add x19, x29, #0xa0) to b'\xb3\xc3\x02\x91' (add x19, x29, #0xb0) at address 160
Replacing b'\xa2\x87@\xf9' (ldr x2, [x29, #264]) to b'\xa2\x97@\xf9' (ldr x2, [x29, #296]) at address 264
Replacing b'\xfd{\xd1\xa8' (ldp x29, x30, [sp], #272) to b'\xfd{\xd3\xa8' (ldp x29, x30, [sp], #304) at address 272
Begin : 288 | End : 184
Replacing b'\xfd{\xae\xa9' with b'\xfd{\xac\xa9' at 84348
Replacing b'\xa4\x8f\x00\xf9' (str x4, [x29, #280]) to b'\xa4\x9f\x00\xf9' (str x4, [x29, #312]) at address 280
FAIL1 (Not in address range) : Replacing b'\xb3#\x01\x91' (add x19, x29, #0x48) to b'\xb3c\x01\x91' (add x19, x29, #0x58) at address 72
Replacing b'\xb4\xc3\x02\x91' (add x20, x29, #0xb0) to b'\xb4\x03\x03\x91' (add x20, x29, #0xc0) at address 176
Replacing b'\xa2\x8f@\xf9' (ldr x2, [x29, #280]) to b'\xa2\x9f@\xf9' (ldr x2, [x29, #312]) at address 280
Replacing b'\xfd{\xd2\xa8' (ldp x29, x30, [sp], #288) to b'\xfd{\xd4\xa8' (ldp x29, x30, [sp], #320) at address 288
Begin : 288 | End : 184
Replacing b'\xfd{\xae\xa9' with b'\xfd{\xac\xa9' at 84596
Replacing b'\xa4\x8f\x00\xf9' (str x4, [x29, #280]) to b'\xa4\x9f\x00\xf9' (str x4, [x29, #312]) at address 280
FAIL1 (Not in address range) : Replacing b'\xb3#\x01\x91' (add x19, x29, #0x48) to b'\xb3c\x01\x91' (add x19, x29, #0x58) at address 72
Replacing b'\xb4\xc3\x02\x91' (add x20, x29, #0xb0) to b'\xb4\x03\x03\x91' (add x20, x29, #0xc0) at address 176
Replacing b'\xa2\x8f@\xf9' (ldr x2, [x29, #280]) to b'\xa2\x9f@\xf9' (ldr x2, [x29, #312]) at address 280
Replacing b'\xfd{\xd2\xa8' (ldp x29, x30, [sp], #288) to b'\xfd{\xd4\xa8' (ldp x29, x30, [sp], #320) at address 288
Begin : 272 | End : 168
Replacing b'\xfd{\xaf\xa9' with b'\xfd{\xad\xa9' at 84844
FAIL1 (Not in address range) : Replacing b'\xb4\xe3\x00\x91' (add x20, x29, #0x38) to b'\xb4#\x01\x91' (add x20, x29, #0x48) at address 56
Replacing b'\xa4\x87\x00\xf9' (str x4, [x29, #264]) to b'\xa4\x97\x00\xf9' (str x4, [x29, #296]) at address 264
Replacing b'\xb3\x83\x02\x91' (add x19, x29, #0xa0) to b'\xb3\xc3\x02\x91' (add x19, x29, #0xb0) at address 160
Replacing b'\xa2\x87@\xf9' (ldr x2, [x29, #264]) to b'\xa2\x97@\xf9' (ldr x2, [x29, #296]) at address 264
Replacing b'\xfd{\xd1\xa8' (ldp x29, x30, [sp], #272) to b'\xfd{\xd3\xa8' (ldp x29, x30, [sp], #304) at address 272
Begin : 272 | End : 168
Replacing b'\xfd{\xaf\xa9' with b'\xfd{\xad\xa9' at 85068
FAIL1 (Not in address range) : Replacing b'\xb4\xe3\x00\x91' (add x20, x29, #0x38) to b'\xb4#\x01\x91' (add x20, x29, #0x48) at address 56
Replacing b'\xa4\x87\x00\xf9' (str x4, [x29, #264]) to b'\xa4\x97\x00\xf9' (str x4, [x29, #296]) at address 264
Replacing b'\xb3\x83\x02\x91' (add x19, x29, #0xa0) to b'\xb3\xc3\x02\x91' (add x19, x29, #0xb0) at address 160
Replacing b'\xa2\x87@\xf9' (ldr x2, [x29, #264]) to b'\xa2\x97@\xf9' (ldr x2, [x29, #296]) at address 264
Replacing b'\xfd{\xd1\xa8' (ldp x29, x30, [sp], #272) to b'\xfd{\xd3\xa8' (ldp x29, x30, [sp], #304) at address 272
Begin : 272 | End : 168
Replacing b'\xfd{\xaf\xa9' with b'\xfd{\xad\xa9' at 85068
FAIL1 (Not in address range) : Replacing b'\xb4\xe3\x00\x91' (add x20, x29, #0x38) to b'\xb4#\x01\x91' (add x20, x29, #0x48) at address 56
Replacing b'\xa4\x87\x00\xf9' (str x4, [x29, #264]) to b'\xa4\x97\x00\xf9' (str x4, [x29, #296]) at address 264
Replacing b'\xb3\x83\x02\x91' (add x19, x29, #0xa0) to b'\xb3\xc3\x02\x91' (add x19, x29, #0xb0) at address 160
Replacing b'\xa2\x87@\xf9' (ldr x2, [x29, #264]) to b'\xa2\x97@\xf9' (ldr x2, [x29, #296]) at address 264
Replacing b'\xfd{\xd1\xa8' (ldp x29, x30, [sp], #272) to b'\xfd{\xd3\xa8' (ldp x29, x30, [sp], #304) at address 272
Begin : 272 | End : 168
Replacing b'\xfd{\xaf\xa9' with b'\xfd{\xad\xa9' at 85292
FAIL1 (Not in address range) : Replacing b'\xb4\xe3\x00\x91' (add x20, x29, #0x38) to b'\xb4#\x01\x91' (add x20, x29, #0x48) at address 56
Replacing b'\xa4\x87\x00\xf9' (str x4, [x29, #264]) to b'\xa4\x97\x00\xf9' (str x4, [x29, #296]) at address 264
Replacing b'\xb3\x83\x02\x91' (add x19, x29, #0xa0) to b'\xb3\xc3\x02\x91' (add x19, x29, #0xb0) at address 160
Replacing b'\xa2\x87@\xf9' (ldr x2, [x29, #264]) to b'\xa2\x97@\xf9' (ldr x2, [x29, #296]) at address 264
Replacing b'\xfd{\xd1\xa8' (ldp x29, x30, [sp], #272) to b'\xfd{\xd3\xa8' (ldp x29, x30, [sp], #304) at address 272
Begin : 272 | End : 168
Replacing b'\xfd{\xaf\xa9' with b'\xfd{\xad\xa9' at 85516
FAIL1 (Not in address range) : Replacing b'\xb4\xe3\x00\x91' (add x20, x29, #0x38) to b'\xb4#\x01\x91' (add x20, x29, #0x48) at address 56
Replacing b'\xa4\x87\x00\xf9' (str x4, [x29, #264]) to b'\xa4\x97\x00\xf9' (str x4, [x29, #296]) at address 264
Replacing b'\xb3\x83\x02\x91' (add x19, x29, #0xa0) to b'\xb3\xc3\x02\x91' (add x19, x29, #0xb0) at address 160
Replacing b'\xa2\x87@\xf9' (ldr x2, [x29, #264]) to b'\xa2\x97@\xf9' (ldr x2, [x29, #296]) at address 264
Replacing b'\xfd{\xd1\xa8' (ldp x29, x30, [sp], #272) to b'\xfd{\xd3\xa8' (ldp x29, x30, [sp], #304) at address 272
Begin : 288 | End : 184
Replacing b'\xfd{\xae\xa9' with b'\xfd{\xac\xa9' at 85740
Replacing b'\xa4\x8f\x00\xf9' (str x4, [x29, #280]) to b'\xa4\x9f\x00\xf9' (str x4, [x29, #312]) at address 280
FAIL1 (Not in address range) : Replacing b'\xb3#\x01\x91' (add x19, x29, #0x48) to b'\xb3c\x01\x91' (add x19, x29, #0x58) at address 72
Replacing b'\xb4\xc3\x02\x91' (add x20, x29, #0xb0) to b'\xb4\x03\x03\x91' (add x20, x29, #0xc0) at address 176
Replacing b'\xa2\x8f@\xf9' (ldr x2, [x29, #280]) to b'\xa2\x9f@\xf9' (ldr x2, [x29, #312]) at address 280
Replacing b'\xfd{\xd2\xa8' (ldp x29, x30, [sp], #288) to b'\xfd{\xd4\xa8' (ldp x29, x30, [sp], #320) at address 288
Begin : 272 | End : 168
Replacing b'\xfd{\xaf\xa9' with b'\xfd{\xad\xa9' at 85988
FAIL1 (Not in address range) : Replacing b'\xb4\xe3\x00\x91' (add x20, x29, #0x38) to b'\xb4#\x01\x91' (add x20, x29, #0x48) at address 56
Replacing b'\xa4\x87\x00\xf9' (str x4, [x29, #264]) to b'\xa4\x97\x00\xf9' (str x4, [x29, #296]) at address 264
Replacing b'\xb3\x83\x02\x91' (add x19, x29, #0xa0) to b'\xb3\xc3\x02\x91' (add x19, x29, #0xb0) at address 160
Replacing b'\xa2\x87@\xf9' (ldr x2, [x29, #264]) to b'\xa2\x97@\xf9' (ldr x2, [x29, #296]) at address 264
Replacing b'\xfd{\xd1\xa8' (ldp x29, x30, [sp], #272) to b'\xfd{\xd3\xa8' (ldp x29, x30, [sp], #304) at address 272
Begin : 288 | End : 184
Replacing b'\xfd{\xae\xa9' with b'\xfd{\xac\xa9' at 86212
Replacing b'\xa4\x8f\x00\xf9' (str x4, [x29, #280]) to b'\xa4\x9f\x00\xf9' (str x4, [x29, #312]) at address 280
FAIL1 (Not in address range) : Replacing b'\xb3#\x01\x91' (add x19, x29, #0x48) to b'\xb3c\x01\x91' (add x19, x29, #0x58) at address 72
Replacing b'\xb4\xc3\x02\x91' (add x20, x29, #0xb0) to b'\xb4\x03\x03\x91' (add x20, x29, #0xc0) at address 176
Replacing b'\xa2\x8f@\xf9' (ldr x2, [x29, #280]) to b'\xa2\x9f@\xf9' (ldr x2, [x29, #312]) at address 280
Replacing b'\xfd{\xd2\xa8' (ldp x29, x30, [sp], #288) to b'\xfd{\xd4\xa8' (ldp x29, x30, [sp], #320) at address 288
Begin : 272 | End : 168
Replacing b'\xfd{\xaf\xa9' with b'\xfd{\xad\xa9' at 86460
FAIL1 (Not in address range) : Replacing b'\xb4\xe3\x00\x91' (add x20, x29, #0x38) to b'\xb4#\x01\x91' (add x20, x29, #0x48) at address 56
Replacing b'\xa4\x87\x00\xf9' (str x4, [x29, #264]) to b'\xa4\x97\x00\xf9' (str x4, [x29, #296]) at address 264
Replacing b'\xb3\x83\x02\x91' (add x19, x29, #0xa0) to b'\xb3\xc3\x02\x91' (add x19, x29, #0xb0) at address 160
Replacing b'\xa2\x87@\xf9' (ldr x2, [x29, #264]) to b'\xa2\x97@\xf9' (ldr x2, [x29, #296]) at address 264
Replacing b'\xfd{\xd1\xa8' (ldp x29, x30, [sp], #272) to b'\xfd{\xd3\xa8' (ldp x29, x30, [sp], #304) at address 272
Begin : 272 | End : 168
Replacing b'\xfd{\xaf\xa9' with b'\xfd{\xad\xa9' at 86460
FAIL1 (Not in address range) : Replacing b'\xb4\xe3\x00\x91' (add x20, x29, #0x38) to b'\xb4#\x01\x91' (add x20, x29, #0x48) at address 56
Replacing b'\xa4\x87\x00\xf9' (str x4, [x29, #264]) to b'\xa4\x97\x00\xf9' (str x4, [x29, #296]) at address 264
Replacing b'\xb3\x83\x02\x91' (add x19, x29, #0xa0) to b'\xb3\xc3\x02\x91' (add x19, x29, #0xb0) at address 160
Replacing b'\xa2\x87@\xf9' (ldr x2, [x29, #264]) to b'\xa2\x97@\xf9' (ldr x2, [x29, #296]) at address 264
Replacing b'\xfd{\xd1\xa8' (ldp x29, x30, [sp], #272) to b'\xfd{\xd3\xa8' (ldp x29, x30, [sp], #304) at address 272
Begin : 288 | End : 184
Replacing b'\xfd{\xae\xa9' with b'\xfd{\xac\xa9' at 86684
FAIL1 (Not in address range) : Replacing b'\xb4#\x01\x91' (add x20, x29, #0x48) to b'\xb4c\x01\x91' (add x20, x29, #0x58) at address 72
Replacing b'\xb3\xc3\x02\x91' (add x19, x29, #0xb0) to b'\xb3\x03\x03\x91' (add x19, x29, #0xc0) at address 176
Replacing b'\xa1\x8f\x00\xf9' (str x1, [x29, #280]) to b'\xa1\x9f\x00\xf9' (str x1, [x29, #312]) at address 280
Replacing b'\xa2\x8f@\xf9' (ldr x2, [x29, #280]) to b'\xa2\x9f@\xf9' (ldr x2, [x29, #312]) at address 280
Replacing b'\xfd{\xd2\xa8' (ldp x29, x30, [sp], #288) to b'\xfd{\xd4\xa8' (ldp x29, x30, [sp], #320) at address 288
Begin : 304 | End : 200
Replacing b'\xfd{\xad\xa9' with b'\xfd{\xab\xa9' at 86896
FAIL1 (Not in address range) : Replacing b'\xb5c\x01\x91' (add x21, x29, #0x58) to b'\xb5\xa3\x01\x91' (add x21, x29, #0x68) at address 88
Replacing b'\xb3\x03\x03\x91' (add x19, x29, #0xc0) to b'\xb3C\x03\x91' (add x19, x29, #0xd0) at address 192
Replacing b'\xa4\x97\x00\xf9' (str x4, [x29, #296]) to b'\xa4\xa7\x00\xf9' (str x4, [x29, #328]) at address 296
Replacing b'\xa2\x97@\xf9' (ldr x2, [x29, #296]) to b'\xa2\xa7@\xf9' (ldr x2, [x29, #328]) at address 296
Replacing b'\xfd{\xd3\xa8' (ldp x29, x30, [sp], #304) to b'\xfd{\xd5\xa8' (ldp x29, x30, [sp], #336) at address 304
Begin : 320 | End : 216
Replacing b'\xfd{\xac\xa9' with b'\xfd{\xaa\xa9' at 87232
FAIL1 (Not in address range) : Replacing b'\xa5/\x00\xf9' (str x5, [x29, #88]) to b'\xa5?\x00\xf9' (str x5, [x29, #120]) at address 88
Replacing b'\xa6\x9f\x00\xf9' (str x6, [x29, #312]) to b'\xa6\xaf\x00\xf9' (str x6, [x29, #344]) at address 312
FAIL1 (Not in address range) : Replacing b'\xb3\xa3\x01\x91' (add x19, x29, #0x68) to b'\xb3\xe3\x01\x91' (add x19, x29, #0x78) at address 104
Replacing b'\xb4C\x03\x91' (add x20, x29, #0xd0) to b'\xb4\x83\x03\x91' (add x20, x29, #0xe0) at address 208
FAIL1 (Not in address range) : Replacing b'\xa5/@\xf9' (ldr x5, [x29, #88]) to b'\xa5?@\xf9' (ldr x5, [x29, #120]) at address 88
Replacing b'\xa2\x9f@\xf9' (ldr x2, [x29, #312]) to b'\xa2\xaf@\xf9' (ldr x2, [x29, #344]) at address 312
Replacing b'\xfd{\xd4\xa8' (ldp x29, x30, [sp], #320) to b'\xfd{\xd6\xa8' (ldp x29, x30, [sp], #352) at address 320
Begin : 304 | End : 200
Replacing b'\xfd{\xad\xa9' with b'\xfd{\xab\xa9' at 87564
Replacing b'\xa4\x97\x00\xf9' (str x4, [x29, #296]) to b'\xa4\xa7\x00\xf9' (str x4, [x29, #328]) at address 296
FAIL1 (Not in address range) : Replacing b'\xb3c\x01\x91' (add x19, x29, #0x58) to b'\xb3\xa3\x01\x91' (add x19, x29, #0x68) at address 88
Replacing b'\xb5\x03\x03\x91' (add x21, x29, #0xc0) to b'\xb5C\x03\x91' (add x21, x29, #0xd0) at address 192
Replacing b'\xa2\x97@\xf9' (ldr x2, [x29, #296]) to b'\xa2\xa7@\xf9' (ldr x2, [x29, #328]) at address 296
Replacing b'\xfd{\xd3\xa8' (ldp x29, x30, [sp], #304) to b'\xfd{\xd5\xa8' (ldp x29, x30, [sp], #336) at address 304
Begin : 288 | End : 184
Replacing b'\xfd{\xae\xa9' with b'\xfd{\xac\xa9' at 87924
Replacing b'\xa4\x8f\x00\xf9' (str x4, [x29, #280]) to b'\xa4\x9f\x00\xf9' (str x4, [x29, #312]) at address 280
FAIL1 (Not in address range) : Replacing b'\xb3#\x01\x91' (add x19, x29, #0x48) to b'\xb3c\x01\x91' (add x19, x29, #0x58) at address 72
Replacing b'\xb4\xc3\x02\x91' (add x20, x29, #0xb0) to b'\xb4\x03\x03\x91' (add x20, x29, #0xc0) at address 176
Replacing b'\xa2\x8f@\xf9' (ldr x2, [x29, #280]) to b'\xa2\x9f@\xf9' (ldr x2, [x29, #312]) at address 280
Replacing b'\xfd{\xd2\xa8' (ldp x29, x30, [sp], #288) to b'\xfd{\xd4\xa8' (ldp x29, x30, [sp], #320) at address 288
Begin : 288 | End : 184
Replacing b'\xfd{\xae\xa9' with b'\xfd{\xac\xa9' at 88192
Replacing b'\xa4\x8f\x00\xf9' (str x4, [x29, #280]) to b'\xa4\x9f\x00\xf9' (str x4, [x29, #312]) at address 280
FAIL1 (Not in address range) : Replacing b'\xb3#\x01\x91' (add x19, x29, #0x48) to b'\xb3c\x01\x91' (add x19, x29, #0x58) at address 72
Replacing b'\xb4\xc3\x02\x91' (add x20, x29, #0xb0) to b'\xb4\x03\x03\x91' (add x20, x29, #0xc0) at address 176
Replacing b'\xa2\x8f@\xf9' (ldr x2, [x29, #280]) to b'\xa2\x9f@\xf9' (ldr x2, [x29, #312]) at address 280
Replacing b'\xfd{\xd2\xa8' (ldp x29, x30, [sp], #288) to b'\xfd{\xd4\xa8' (ldp x29, x30, [sp], #320) at address 288
Begin : 336 | End : 232
Replacing b'\xfd{\xab\xa9' with b'\xfd{\xa9\xa9' at 88444
Replacing b'\xb5\x83\x03\x91' (add x21, x29, #0xe0) to b'\xb5\xc3\x03\x91' (add x21, x29, #0xf0) at address 224
FAIL1 (Not in address range) : Replacing b'\xa47\x00\xf9' (str x4, [x29, #104]) to b'\xa4G\x00\xf9' (str x4, [x29, #136]) at address 104
Replacing b'\xa6\xa7\x00\xf9' (str x6, [x29, #328]) to b'\xa6\xb7\x00\xf9' (str x6, [x29, #360]) at address 328
FAIL1 (Not in address range) : Replacing b'\xb3\xe3\x01\x91' (add x19, x29, #0x78) to b'\xb3#\x02\x91' (add x19, x29, #0x88) at address 120
FAIL1 (Not in address range) : Replacing b'\xa47@\xf9' (ldr x4, [x29, #104]) to b'\xa4G@\xf9' (ldr x4, [x29, #136]) at address 104
Replacing b'\xa2\xa7@\xf9' (ldr x2, [x29, #328]) to b'\xa2\xb7@\xf9' (ldr x2, [x29, #360]) at address 328
Replacing b'\xfd{\xd5\xa8' (ldp x29, x30, [sp], #336) to b'\xfd{\xd7\xa8' (ldp x29, x30, [sp], #368) at address 336
Begin : 336 | End : 232
Replacing b'\xfd{\xab\xa9' with b'\xfd{\xa9\xa9' at 88444
Replacing b'\xb5\x83\x03\x91' (add x21, x29, #0xe0) to b'\xb5\xc3\x03\x91' (add x21, x29, #0xf0) at address 224
FAIL1 (Not in address range) : Replacing b'\xa47\x00\xf9' (str x4, [x29, #104]) to b'\xa4G\x00\xf9' (str x4, [x29, #136]) at address 104
Replacing b'\xa6\xa7\x00\xf9' (str x6, [x29, #328]) to b'\xa6\xb7\x00\xf9' (str x6, [x29, #360]) at address 328
FAIL1 (Not in address range) : Replacing b'\xb3\xe3\x01\x91' (add x19, x29, #0x78) to b'\xb3#\x02\x91' (add x19, x29, #0x88) at address 120
FAIL1 (Not in address range) : Replacing b'\xa47@\xf9' (ldr x4, [x29, #104]) to b'\xa4G@\xf9' (ldr x4, [x29, #136]) at address 104
Replacing b'\xa2\xa7@\xf9' (ldr x2, [x29, #328]) to b'\xa2\xb7@\xf9' (ldr x2, [x29, #360]) at address 328
Replacing b'\xfd{\xd5\xa8' (ldp x29, x30, [sp], #336) to b'\xfd{\xd7\xa8' (ldp x29, x30, [sp], #368) at address 336
Begin : 320 | End : 216
Replacing b'\xfd{\xac\xa9' with b'\xfd{\xaa\xa9' at 88864
Replacing b'\xa4\x9f\x00\xf9' (str x4, [x29, #312]) to b'\xa4\xaf\x00\xf9' (str x4, [x29, #344]) at address 312
FAIL1 (Not in address range) : Replacing b'\xb3\xa3\x01\x91' (add x19, x29, #0x68) to b'\xb3\xe3\x01\x91' (add x19, x29, #0x78) at address 104
Replacing b'\xb4C\x03\x91' (add x20, x29, #0xd0) to b'\xb4\x83\x03\x91' (add x20, x29, #0xe0) at address 208
Replacing b'\xb3\x9f@\xf9' (ldr x19, [x29, #312]) to b'\xb3\xaf@\xf9' (ldr x19, [x29, #344]) at address 312
Replacing b'\xfd{\xd4\xa8' (ldp x29, x30, [sp], #320) to b'\xfd{\xd6\xa8' (ldp x29, x30, [sp], #352) at address 320
Begin : 320 | End : 216
Replacing b'\xfd{\xac\xa9' with b'\xfd{\xaa\xa9' at 88864
Replacing b'\xa4\x9f\x00\xf9' (str x4, [x29, #312]) to b'\xa4\xaf\x00\xf9' (str x4, [x29, #344]) at address 312
FAIL1 (Not in address range) : Replacing b'\xb3\xa3\x01\x91' (add x19, x29, #0x68) to b'\xb3\xe3\x01\x91' (add x19, x29, #0x78) at address 104
Replacing b'\xb4C\x03\x91' (add x20, x29, #0xd0) to b'\xb4\x83\x03\x91' (add x20, x29, #0xe0) at address 208
Replacing b'\xb3\x9f@\xf9' (ldr x19, [x29, #312]) to b'\xb3\xaf@\xf9' (ldr x19, [x29, #344]) at address 312
Replacing b'\xfd{\xd4\xa8' (ldp x29, x30, [sp], #320) to b'\xfd{\xd6\xa8' (ldp x29, x30, [sp], #352) at address 320
Begin : 304 | End : 200
Replacing b'\xfd{\xad\xa9' with b'\xfd{\xab\xa9' at 89268
Replacing b'\xa4\x97\x00\xf9' (str x4, [x29, #296]) to b'\xa4\xa7\x00\xf9' (str x4, [x29, #328]) at address 296
FAIL1 (Not in address range) : Replacing b'\xb5c\x01\x91' (add x21, x29, #0x58) to b'\xb5\xa3\x01\x91' (add x21, x29, #0x68) at address 88
Replacing b'\xb4\x03\x03\x91' (add x20, x29, #0xc0) to b'\xb4C\x03\x91' (add x20, x29, #0xd0) at address 192
Replacing b'\xa2\x97@\xf9' (ldr x2, [x29, #296]) to b'\xa2\xa7@\xf9' (ldr x2, [x29, #328]) at address 296
Replacing b'\xfd{\xd3\xa8' (ldp x29, x30, [sp], #304) to b'\xfd{\xd5\xa8' (ldp x29, x30, [sp], #336) at address 304
Begin : 272 | End : 168
Replacing b'\xfd{\xaf\xa9' with b'\xfd{\xad\xa9' at 89604
FAIL1 (Not in address range) : Replacing b'\xb4\xe3\x00\x91' (add x20, x29, #0x38) to b'\xb4#\x01\x91' (add x20, x29, #0x48) at address 56
Replacing b'\xa4\x87\x00\xf9' (str x4, [x29, #264]) to b'\xa4\x97\x00\xf9' (str x4, [x29, #296]) at address 264
Replacing b'\xb3\x83\x02\x91' (add x19, x29, #0xa0) to b'\xb3\xc3\x02\x91' (add x19, x29, #0xb0) at address 160
Replacing b'\xa2\x87@\xf9' (ldr x2, [x29, #264]) to b'\xa2\x97@\xf9' (ldr x2, [x29, #296]) at address 264
Replacing b'\xfd{\xd1\xa8' (ldp x29, x30, [sp], #272) to b'\xfd{\xd3\xa8' (ldp x29, x30, [sp], #304) at address 272
Begin : 320 | End : 216
Replacing b'\xfd{\xac\xa9' with b'\xfd{\xaa\xa9' at 89836
Replacing b'\xb5C\x03\x91' (add x21, x29, #0xd0) to b'\xb5\x83\x03\x91' (add x21, x29, #0xe0) at address 208
FAIL1 (Not in address range) : Replacing b'\xb4\xa3\x01\x91' (add x20, x29, #0x68) to b'\xb4\xe3\x01\x91' (add x20, x29, #0x78) at address 104
Replacing b'\xa5\x9f\x00\xf9' (str x5, [x29, #312]) to b'\xa5\xaf\x00\xf9' (str x5, [x29, #344]) at address 312
Replacing b'\xa2\x9f@\xf9' (ldr x2, [x29, #312]) to b'\xa2\xaf@\xf9' (ldr x2, [x29, #344]) at address 312
Replacing b'\xfd{\xd4\xa8' (ldp x29, x30, [sp], #320) to b'\xfd{\xd6\xa8' (ldp x29, x30, [sp], #352) at address 320
FAIL1 (Not in address range) : Replacing b'\xa0/\x00\xf9' (str x0, [x29, #88]) to b'\xa0?\x00\xf9' (str x0, [x29, #120]) at address 88
FAIL1 (Not in address range) : Replacing b'\xa1/@\xf9' (ldr x1, [x29, #88]) to b'\xa1?@\xf9' (ldr x1, [x29, #120]) at address 88
Begin : 304 | End : 200
Replacing b'\xfd{\xad\xa9' with b'\xfd{\xab\xa9' at 90168
Replacing b'\xa4\x97\x00\xf9' (str x4, [x29, #296]) to b'\xa4\xa7\x00\xf9' (str x4, [x29, #328]) at address 296
FAIL1 (Not in address range) : Replacing b'\xb3c\x01\x91' (add x19, x29, #0x58) to b'\xb3\xa3\x01\x91' (add x19, x29, #0x68) at address 88
Replacing b'\xb4\x03\x03\x91' (add x20, x29, #0xc0) to b'\xb4C\x03\x91' (add x20, x29, #0xd0) at address 192
Replacing b'\xa2\x97@\xf9' (ldr x2, [x29, #296]) to b'\xa2\xa7@\xf9' (ldr x2, [x29, #328]) at address 296
Replacing b'\xfd{\xd3\xa8' (ldp x29, x30, [sp], #304) to b'\xfd{\xd5\xa8' (ldp x29, x30, [sp], #336) at address 304
Begin : 288 | End : 184
Replacing b'\xfd{\xae\xa9' with b'\xfd{\xac\xa9' at 90476
Replacing b'\xa4\x8f\x00\xf9' (str x4, [x29, #280]) to b'\xa4\x9f\x00\xf9' (str x4, [x29, #312]) at address 280
FAIL1 (Not in address range) : Replacing b'\xb3#\x01\x91' (add x19, x29, #0x48) to b'\xb3c\x01\x91' (add x19, x29, #0x58) at address 72
Replacing b'\xb4\xc3\x02\x91' (add x20, x29, #0xb0) to b'\xb4\x03\x03\x91' (add x20, x29, #0xc0) at address 176
Replacing b'\xa2\x8f@\xf9' (ldr x2, [x29, #280]) to b'\xa2\x9f@\xf9' (ldr x2, [x29, #312]) at address 280
Replacing b'\xfd{\xd2\xa8' (ldp x29, x30, [sp], #288) to b'\xfd{\xd4\xa8' (ldp x29, x30, [sp], #320) at address 288
Begin : 288 | End : 184
Replacing b'\xfd{\xae\xa9' with b'\xfd{\xac\xa9' at 90740
Replacing b'\xa4\x8f\x00\xf9' (str x4, [x29, #280]) to b'\xa4\x9f\x00\xf9' (str x4, [x29, #312]) at address 280
FAIL1 (Not in address range) : Replacing b'\xb3#\x01\x91' (add x19, x29, #0x48) to b'\xb3c\x01\x91' (add x19, x29, #0x58) at address 72
Replacing b'\xb4\xc3\x02\x91' (add x20, x29, #0xb0) to b'\xb4\x03\x03\x91' (add x20, x29, #0xc0) at address 176
Replacing b'\xa2\x8f@\xf9' (ldr x2, [x29, #280]) to b'\xa2\x9f@\xf9' (ldr x2, [x29, #312]) at address 280
Replacing b'\xfd{\xd2\xa8' (ldp x29, x30, [sp], #288) to b'\xfd{\xd4\xa8' (ldp x29, x30, [sp], #320) at address 288
Begin : 288 | End : 184
Replacing b'\xfd{\xae\xa9' with b'\xfd{\xac\xa9' at 90988
FAIL1 (Not in address range) : Replacing b'\xb3#\x01\x91' (add x19, x29, #0x48) to b'\xb3c\x01\x91' (add x19, x29, #0x58) at address 72
Replacing b'\xb4\xc3\x02\x91' (add x20, x29, #0xb0) to b'\xb4\x03\x03\x91' (add x20, x29, #0xc0) at address 176
Replacing b'\xa1\x8f\x00\xf9' (str x1, [x29, #280]) to b'\xa1\x9f\x00\xf9' (str x1, [x29, #312]) at address 280
Replacing b'\xa2\x8f@\xf9' (ldr x2, [x29, #280]) to b'\xa2\x9f@\xf9' (ldr x2, [x29, #312]) at address 280
Replacing b'\xfd{\xd2\xa8' (ldp x29, x30, [sp], #288) to b'\xfd{\xd4\xa8' (ldp x29, x30, [sp], #320) at address 288
Begin : 288 | End : 184
Replacing b'\xfd{\xae\xa9' with b'\xfd{\xac\xa9' at 90988
FAIL1 (Not in address range) : Replacing b'\xb3#\x01\x91' (add x19, x29, #0x48) to b'\xb3c\x01\x91' (add x19, x29, #0x58) at address 72
Replacing b'\xb4\xc3\x02\x91' (add x20, x29, #0xb0) to b'\xb4\x03\x03\x91' (add x20, x29, #0xc0) at address 176
Replacing b'\xa1\x8f\x00\xf9' (str x1, [x29, #280]) to b'\xa1\x9f\x00\xf9' (str x1, [x29, #312]) at address 280
Replacing b'\xa2\x8f@\xf9' (ldr x2, [x29, #280]) to b'\xa2\x9f@\xf9' (ldr x2, [x29, #312]) at address 280
Replacing b'\xfd{\xd2\xa8' (ldp x29, x30, [sp], #288) to b'\xfd{\xd4\xa8' (ldp x29, x30, [sp], #320) at address 288
Begin : 336 | End : 232
Replacing b'\xfd{\xab\xa9' with b'\xfd{\xa9\xa9' at 91244
Replacing b'\xa6\xa7\x00\xf9' (str x6, [x29, #328]) to b'\xa6\xb7\x00\xf9' (str x6, [x29, #360]) at address 328
FAIL1 (Not in address range) : Replacing b'\xb4\xe3\x01\x91' (add x20, x29, #0x78) to b'\xb4#\x02\x91' (add x20, x29, #0x88) at address 120
Replacing b'\xb3\x83\x03\x91' (add x19, x29, #0xe0) to b'\xb3\xc3\x03\x91' (add x19, x29, #0xf0) at address 224
Replacing b'\xa2\xa7@\xf9' (ldr x2, [x29, #328]) to b'\xa2\xb7@\xf9' (ldr x2, [x29, #360]) at address 328
Replacing b'\xfd{\xd5\xa8' (ldp x29, x30, [sp], #336) to b'\xfd{\xd7\xa8' (ldp x29, x30, [sp], #368) at address 336
FAIL1 (Not in address range) : Replacing b'\xa27\x00\xf9' (str x2, [x29, #104]) to b'\xa2G\x00\xf9' (str x2, [x29, #136]) at address 104
FAIL1 (Not in address range) : Replacing b'\xa27@\xf9' (ldr x2, [x29, #104]) to b'\xa2G@\xf9' (ldr x2, [x29, #136]) at address 104
Begin : 304 | End : 200
Replacing b'\xfd{\xad\xa9' with b'\xfd{\xab\xa9' at 91652
FAIL1 (Not in address range) : Replacing b'\xb7#\x01\x91' (add x23, x29, #0x48) to b'\xb7c\x01\x91' (add x23, x29, #0x58) at address 72
Replacing b'\xa4\x97\x00\xf9' (str x4, [x29, #296]) to b'\xa4\xa7\x00\xf9' (str x4, [x29, #328]) at address 296
FAIL1 (Not in address range) : Replacing b'\xb3c\x01\x91' (add x19, x29, #0x58) to b'\xb3\xa3\x01\x91' (add x19, x29, #0x68) at address 88
Replacing b'\xb4\x03\x03\x91' (add x20, x29, #0xc0) to b'\xb4C\x03\x91' (add x20, x29, #0xd0) at address 192
FAIL1 (Not in address range) : Replacing b"\xa0'\x00\xf9" (str x0, [x29, #72]) to b'\xa07\x00\xf9' (str x0, [x29, #104]) at address 72
FAIL1 (Not in address range) : Replacing b'\xb6C\x01\x91' (add x22, x29, #0x50) to b'\xb6\x83\x01\x91' (add x22, x29, #0x60) at address 80
FAIL1 (Not in address range) : Replacing b'\xa0+@\xf9' (ldr x0, [x29, #80]) to b'\xa0;@\xf9' (ldr x0, [x29, #112]) at address 80
FAIL1 (Not in address range) : Replacing b"\xa0'@\xf9" (ldr x0, [x29, #72]) to b'\xa07@\xf9' (ldr x0, [x29, #104]) at address 72
Replacing b'\xa2\x97@\xf9' (ldr x2, [x29, #296]) to b'\xa2\xa7@\xf9' (ldr x2, [x29, #328]) at address 296
Replacing b'\xfd{\xd3\xa8' (ldp x29, x30, [sp], #304) to b'\xfd{\xd5\xa8' (ldp x29, x30, [sp], #336) at address 304
Begin : 336 | End : 232
Replacing b'\xfd{\xab\xa9' with b'\xfd{\xa9\xa9' at 98668
Replacing b'\xa4\xa7\x00\xf9' (str x4, [x29, #328]) to b'\xa4\xb7\x00\xf9' (str x4, [x29, #360]) at address 328
FAIL1 (Not in address range) : Replacing b'\xb7\xe3\x01\x91' (add x23, x29, #0x78) to b'\xb7#\x02\x91' (add x23, x29, #0x88) at address 120
Replacing b'\xb3\x83\x03\x91' (add x19, x29, #0xe0) to b'\xb3\xc3\x03\x91' (add x19, x29, #0xf0) at address 224
Replacing b'\xa2\xa7@\xf9' (ldr x2, [x29, #328]) to b'\xa2\xb7@\xf9' (ldr x2, [x29, #360]) at address 328
Replacing b'\xfd{\xd5\xa8' (ldp x29, x30, [sp], #336) to b'\xfd{\xd7\xa8' (ldp x29, x30, [sp], #368) at address 336
FAIL1 (Not in address range) : Replacing b'\xa07\x00\xf9' (str x0, [x29, #104]) to b'\xa0G\x00\xf9' (str x0, [x29, #136]) at address 104
FAIL1 (Not in address range) : Replacing b'\xa27@\xf9' (ldr x2, [x29, #104]) to b'\xa2G@\xf9' (ldr x2, [x29, #136]) at address 104
Begin : 320 | End : 216
Replacing b'\xfd{\xac\xa9' with b'\xfd{\xaa\xa9' at 100180
FAIL1 (Not in address range) : Replacing b'\xb3\xa3\x01\x91' (add x19, x29, #0x68) to b'\xb3\xe3\x01\x91' (add x19, x29, #0x78) at address 104
Replacing b'\xa5\x9f\x00\xf9' (str x5, [x29, #312]) to b'\xa5\xaf\x00\xf9' (str x5, [x29, #344]) at address 312
Replacing b'\xb7C\x03\x91' (add x23, x29, #0xd0) to b'\xb7\x83\x03\x91' (add x23, x29, #0xe0) at address 208
Replacing b'\xa1\x9f@\xf9' (ldr x1, [x29, #312]) to b'\xa1\xaf@\xf9' (ldr x1, [x29, #344]) at address 312
Replacing b'\xfd{\xd4\xa8' (ldp x29, x30, [sp], #320) to b'\xfd{\xd6\xa8' (ldp x29, x30, [sp], #352) at address 320
Begin : 320 | End : 216
Replacing b'\xfd{\xac\xa9' with b'\xfd{\xaa\xa9' at 100504
Replacing b'\xa4\x9f\x00\xf9' (str x4, [x29, #312]) to b'\xa4\xaf\x00\xf9' (str x4, [x29, #344]) at address 312
FAIL1 (Not in address range) : Replacing b'\xb4\xa3\x01\x91' (add x20, x29, #0x68) to b'\xb4\xe3\x01\x91' (add x20, x29, #0x78) at address 104
Replacing b'\xb5C\x03\x91' (add x21, x29, #0xd0) to b'\xb5\x83\x03\x91' (add x21, x29, #0xe0) at address 208
Replacing b'\xa1\x9f@\xf9' (ldr x1, [x29, #312]) to b'\xa1\xaf@\xf9' (ldr x1, [x29, #344]) at address 312
Replacing b'\xfd{\xd4\xa8' (ldp x29, x30, [sp], #320) to b'\xfd{\xd6\xa8' (ldp x29, x30, [sp], #352) at address 320
Begin : 320 | End : 216
Replacing b'\xfd{\xac\xa9' with b'\xfd{\xaa\xa9' at 102304
Replacing b'\xb5C\x03\x91' (add x21, x29, #0xd0) to b'\xb5\x83\x03\x91' (add x21, x29, #0xe0) at address 208
FAIL1 (Not in address range) : Replacing b'\xb3\xa3\x01\x91' (add x19, x29, #0x68) to b'\xb3\xe3\x01\x91' (add x19, x29, #0x78) at address 104
Replacing b'\xa1\x9f\x00\xf9' (str x1, [x29, #312]) to b'\xa1\xaf\x00\xf9' (str x1, [x29, #344]) at address 312
FAIL1 (Not in address range) : Replacing b'\xb7c\x01\x91' (add x23, x29, #0x58) to b'\xb7\xa3\x01\x91' (add x23, x29, #0x68) at address 88
FAIL1 (Not in address range) : Replacing b'\xa0/\x00\xf9' (str x0, [x29, #88]) to b'\xa0?\x00\xf9' (str x0, [x29, #120]) at address 88
FAIL1 (Not in address range) : Replacing b'\xb4\x83\x01\x91' (add x20, x29, #0x60) to b'\xb4\xc3\x01\x91' (add x20, x29, #0x70) at address 96
FAIL1 (Not in address range) : Replacing b'\xa03@\xf9' (ldr x0, [x29, #96]) to b'\xa0C@\xf9' (ldr x0, [x29, #128]) at address 96
FAIL1 (Not in address range) : Replacing b'\xa0/@\xf9' (ldr x0, [x29, #88]) to b'\xa0?@\xf9' (ldr x0, [x29, #120]) at address 88
FAIL1 (Not in address range) : Replacing b'\xa03@\xf9' (ldr x0, [x29, #96]) to b'\xa0C@\xf9' (ldr x0, [x29, #128]) at address 96
Replacing b'\xa2\x9f@\xf9' (ldr x2, [x29, #312]) to b'\xa2\xaf@\xf9' (ldr x2, [x29, #344]) at address 312
Replacing b'\xfd{\xd4\xa8' (ldp x29, x30, [sp], #320) to b'\xfd{\xd6\xa8' (ldp x29, x30, [sp], #352) at address 320
Begin : 320 | End : 216
Replacing b'\xfd{\xac\xa9' with b'\xfd{\xaa\xa9' at 102304
Replacing b'\xb5C\x03\x91' (add x21, x29, #0xd0) to b'\xb5\x83\x03\x91' (add x21, x29, #0xe0) at address 208
FAIL1 (Not in address range) : Replacing b'\xb3\xa3\x01\x91' (add x19, x29, #0x68) to b'\xb3\xe3\x01\x91' (add x19, x29, #0x78) at address 104
Replacing b'\xa1\x9f\x00\xf9' (str x1, [x29, #312]) to b'\xa1\xaf\x00\xf9' (str x1, [x29, #344]) at address 312
FAIL1 (Not in address range) : Replacing b'\xb7c\x01\x91' (add x23, x29, #0x58) to b'\xb7\xa3\x01\x91' (add x23, x29, #0x68) at address 88
FAIL1 (Not in address range) : Replacing b'\xa0/\x00\xf9' (str x0, [x29, #88]) to b'\xa0?\x00\xf9' (str x0, [x29, #120]) at address 88
FAIL1 (Not in address range) : Replacing b'\xb4\x83\x01\x91' (add x20, x29, #0x60) to b'\xb4\xc3\x01\x91' (add x20, x29, #0x70) at address 96
FAIL1 (Not in address range) : Replacing b'\xa03@\xf9' (ldr x0, [x29, #96]) to b'\xa0C@\xf9' (ldr x0, [x29, #128]) at address 96
FAIL1 (Not in address range) : Replacing b'\xa0/@\xf9' (ldr x0, [x29, #88]) to b'\xa0?@\xf9' (ldr x0, [x29, #120]) at address 88
FAIL1 (Not in address range) : Replacing b'\xa03@\xf9' (ldr x0, [x29, #96]) to b'\xa0C@\xf9' (ldr x0, [x29, #128]) at address 96
Replacing b'\xa2\x9f@\xf9' (ldr x2, [x29, #312]) to b'\xa2\xaf@\xf9' (ldr x2, [x29, #344]) at address 312
Replacing b'\xfd{\xd4\xa8' (ldp x29, x30, [sp], #320) to b'\xfd{\xd6\xa8' (ldp x29, x30, [sp], #352) at address 320
Begin : 288 | End : 184
Replacing b'\xfd{\xae\xa9' with b'\xfd{\xac\xa9' at 102696
FAIL1 (Not in address range) : Replacing b'\xb3#\x01\x91' (add x19, x29, #0x48) to b'\xb3c\x01\x91' (add x19, x29, #0x58) at address 72
Replacing b'\xa4\x8f\x00\xf9' (str x4, [x29, #280]) to b'\xa4\x9f\x00\xf9' (str x4, [x29, #312]) at address 280
Replacing b'\xb4\xc3\x02\x91' (add x20, x29, #0xb0) to b'\xb4\x03\x03\x91' (add x20, x29, #0xc0) at address 176
Replacing b'\xa2\x8f@\xf9' (ldr x2, [x29, #280]) to b'\xa2\x9f@\xf9' (ldr x2, [x29, #312]) at address 280
Replacing b'\xfd{\xd2\xa8' (ldp x29, x30, [sp], #288) to b'\xfd{\xd4\xa8' (ldp x29, x30, [sp], #320) at address 288
